<?xml version="1.0" encoding="UTF-8"?>
<!-- Generated by org.testng.reporters.JUnitReportReporter -->
<testsuite hostname="LAPTOP-JKE8LG9E" failures="0" tests="4" name="com.qa.testLayer.TestDataProvider" time="42.957" errors="0" timestamp="2022-07-26T21:49:40 IST" skipped="0">
  <testcase classname="com.qa.testLayer.TestDataProvider" name="login" time="10.591"/>
  <system-out/>
  <testcase classname="com.qa.testLayer.TestDataProvider" name="login" time="9.255"/>
  <system-out/>
  <testcase classname="com.qa.testLayer.TestDataProvider" name="login" time="9.618"/>
  <system-out/>
  <testcase classname="com.qa.testLayer.TestDataProvider" name="login" time="13.493"/>
  <system-out/>
</testsuite> <!-- com.qa.testLayer.TestDataProvider -->
